[ 2017-07-30T09:33:20+08:00 ] ::1 /index.php
INFO: [ app_init ] --START--
INFO: Run Behavior\BuildLiteBehavior [ RunTime:0.000000s ]
INFO: [ app_init ] --END-- [ RunTime:0.002001s ]
INFO: [ app_begin ] --START--
INFO: Run Behavior\ReadHtmlCacheBehavior [ RunTime:0.004000s ]
INFO: [ app_begin ] --END-- [ RunTime:0.004000s ]
ERR: SQLSTATE[HY000] [1049] Unknown database 'sns'

[ 2017-07-30T09:35:09+08:00 ] ::1 /index.php
INFO: [ app_init ] --START--
INFO: Run Behavior\BuildLiteBehavior [ RunTime:0.000000s ]
INFO: [ app_init ] --END-- [ RunTime:0.001000s ]
INFO: [ app_begin ] --START--
INFO: Run Behavior\ReadHtmlCacheBehavior [ RunTime:0.001000s ]
INFO: [ app_begin ] --END-- [ RunTime:0.001000s ]
SQL: SHOW COLUMNS FROM `think_user` [ RunTime:0.0190s ]
SQL: SELECT `id`,`user_name` FROM `think_user` WHERE ( 1 ) ORDER BY id asc LIMIT 1,6   [ RunTime:0.0010s ]
SQL: SELECT `id`,`user_name`,`user_image` FROM `think_user` WHERE `user_name` = 'niyinlong' AND `user_pwd` = 'e10adc3949ba59abbe56e057f20f883e' LIMIT 1   [ RunTime:0.0010s ]
SQL: SELECT `user_name` FROM `think_user` WHERE ( 1 ) LIMIT 1   [ RunTime:0.0010s ]
SQL: DELETE FROM `think_user` WHERE ( id>6 ) [ RunTime:0.0000s ]
INFO: [ app_end ] --START--
INFO: Run Behavior\ShowPageTraceBehavior [ RunTime:0.019002s ]
INFO: [ app_end ] --END-- [ RunTime:0.019002s ]

[ 2017-07-30T11:42:28+08:00 ] ::1 /index.php
INFO: [ app_init ] --START--
INFO: Run Behavior\BuildLiteBehavior [ RunTime:0.000000s ]
INFO: [ app_init ] --END-- [ RunTime:0.001000s ]
INFO: [ app_begin ] --START--
INFO: Run Behavior\ReadHtmlCacheBehavior [ RunTime:0.002000s ]
INFO: [ app_begin ] --END-- [ RunTime:0.002000s ]
SQL: SHOW COLUMNS FROM `think_user` [ RunTime:0.0080s ]
SQL: SELECT `id`,`user_name` FROM `think_user` WHERE ( 1 ) ORDER BY id asc LIMIT 1,6   [ RunTime:0.0010s ]
SQL: SELECT `id`,`user_name`,`user_image` FROM `think_user` WHERE `user_name` = 'niyinlong' AND `user_pwd` = 'e10adc3949ba59abbe56e057f20f883e' LIMIT 1   [ RunTime:0.0010s ]
SQL: SELECT `user_name` FROM `think_user` WHERE ( 1 ) LIMIT 1   [ RunTime:0.0010s ]
SQL: DELETE FROM `think_user` WHERE ( id>6 ) [ RunTime:0.0390s ]
INFO: [ app_end ] --START--
INFO: Run Behavior\ShowPageTraceBehavior [ RunTime:0.002000s ]
INFO: [ app_end ] --END-- [ RunTime:0.002000s ]

[ 2017-07-30T11:46:02+08:00 ] ::1 /index.php
INFO: [ app_init ] --START--
INFO: Run Behavior\BuildLiteBehavior [ RunTime:0.000000s ]
INFO: [ app_init ] --END-- [ RunTime:0.001000s ]
INFO: [ app_begin ] --START--
INFO: Run Behavior\ReadHtmlCacheBehavior [ RunTime:0.001000s ]
INFO: [ app_begin ] --END-- [ RunTime:0.001000s ]
SQL: SHOW COLUMNS FROM `think_user` [ RunTime:0.0080s ]
SQL: SELECT `id`,`user_name` FROM `think_user` WHERE ( 1 ) ORDER BY id asc LIMIT 1,6   [ RunTime:0.0020s ]
SQL: SELECT `id`,`user_name`,`user_image` FROM `think_user` WHERE `user_name` = 'niyinlong' AND `user_pwd` = 'e10adc3949ba59abbe56e057f20f883e' LIMIT 1   [ RunTime:0.0010s ]
SQL: SELECT `user_name` FROM `think_user` WHERE ( 1 ) LIMIT 1   [ RunTime:0.0000s ]
SQL: DELETE FROM `think_user` WHERE ( id>6 ) [ RunTime:0.0010s ]
INFO: [ app_end ] --START--
INFO: Run Behavior\ShowPageTraceBehavior [ RunTime:0.001000s ]
INFO: [ app_end ] --END-- [ RunTime:0.001000s ]

[ 2017-07-30T11:46:36+08:00 ] ::1 /index.php
INFO: [ app_init ] --START--
INFO: Run Behavior\BuildLiteBehavior [ RunTime:0.000000s ]
INFO: [ app_init ] --END-- [ RunTime:0.001000s ]
INFO: [ app_begin ] --START--
INFO: Run Behavior\ReadHtmlCacheBehavior [ RunTime:0.002000s ]
INFO: [ app_begin ] --END-- [ RunTime:0.002000s ]
SQL: SHOW COLUMNS FROM `think_user` [ RunTime:0.0060s ]
SQL: SELECT `id`,`user_name` FROM `think_user` WHERE ( 1 ) ORDER BY id asc LIMIT 1,6   [ RunTime:0.0010s ]
SQL: SELECT `id`,`user_name`,`user_image` FROM `think_user` WHERE `user_name` = 'niyinlong' AND `user_pwd` = 'e10adc3949ba59abbe56e057f20f883e' LIMIT 1   [ RunTime:0.0010s ]
SQL: SELECT `user_name` FROM `think_user` WHERE ( 1 ) LIMIT 1   [ RunTime:0.0010s ]
SQL: DELETE FROM `think_user` WHERE ( id>6 ) [ RunTime:0.0010s ]
INFO: [ app_end ] --START--
INFO: Run Behavior\ShowPageTraceBehavior [ RunTime:0.001000s ]
INFO: [ app_end ] --END-- [ RunTime:0.001000s ]

[ 2017-07-30T11:46:37+08:00 ] ::1 /index.php
INFO: [ app_init ] --START--
INFO: Run Behavior\BuildLiteBehavior [ RunTime:0.000000s ]
INFO: [ app_init ] --END-- [ RunTime:0.001000s ]
INFO: [ app_begin ] --START--
INFO: Run Behavior\ReadHtmlCacheBehavior [ RunTime:0.001000s ]
INFO: [ app_begin ] --END-- [ RunTime:0.001000s ]
SQL: SHOW COLUMNS FROM `think_user` [ RunTime:0.0070s ]
SQL: SELECT `id`,`user_name` FROM `think_user` WHERE ( 1 ) ORDER BY id asc LIMIT 1,6   [ RunTime:0.0060s ]
SQL: SELECT `id`,`user_name`,`user_image` FROM `think_user` WHERE `user_name` = 'niyinlong' AND `user_pwd` = 'e10adc3949ba59abbe56e057f20f883e' LIMIT 1   [ RunTime:0.0010s ]
SQL: SELECT `user_name` FROM `think_user` WHERE ( 1 ) LIMIT 1   [ RunTime:0.0010s ]
SQL: DELETE FROM `think_user` WHERE ( id>6 ) [ RunTime:0.0000s ]
INFO: [ app_end ] --START--
INFO: Run Behavior\ShowPageTraceBehavior [ RunTime:0.001001s ]
INFO: [ app_end ] --END-- [ RunTime:0.001001s ]

[ 2017-07-30T11:48:31+08:00 ] ::1 /index.php
INFO: [ app_init ] --START--
INFO: Run Behavior\BuildLiteBehavior [ RunTime:0.000000s ]
INFO: [ app_init ] --END-- [ RunTime:0.001000s ]
INFO: [ app_begin ] --START--
INFO: Run Behavior\ReadHtmlCacheBehavior [ RunTime:0.001001s ]
INFO: [ app_begin ] --END-- [ RunTime:0.001001s ]
SQL: SHOW COLUMNS FROM `think_user` [ RunTime:0.0050s ]
SQL: SELECT `id`,`user_name` FROM `think_user` WHERE ( 1 ) ORDER BY id asc LIMIT 1,6   [ RunTime:0.0010s ]
SQL: SELECT `id`,`user_name`,`user_image` FROM `think_user` WHERE `user_name` = 'niyinlong' AND `user_pwd` = 'e10adc3949ba59abbe56e057f20f883e' LIMIT 1   [ RunTime:0.0010s ]
SQL: SELECT `user_name` FROM `think_user` WHERE ( 1 ) LIMIT 1   [ RunTime:0.0010s ]
SQL: DELETE FROM `think_user` WHERE ( id>6 ) [ RunTime:0.0030s ]
INFO: [ app_end ] --START--
INFO: Run Behavior\ShowPageTraceBehavior [ RunTime:0.001000s ]
INFO: [ app_end ] --END-- [ RunTime:0.001000s ]

[ 2017-07-30T11:48:34+08:00 ] ::1 /index.php
INFO: [ app_init ] --START--
INFO: Run Behavior\BuildLiteBehavior [ RunTime:0.000000s ]
INFO: [ app_init ] --END-- [ RunTime:0.002000s ]
INFO: [ app_begin ] --START--
INFO: Run Behavior\ReadHtmlCacheBehavior [ RunTime:0.001000s ]
INFO: [ app_begin ] --END-- [ RunTime:0.001000s ]
SQL: SHOW COLUMNS FROM `think_user` [ RunTime:0.0060s ]
SQL: SELECT `id`,`user_name` FROM `think_user` WHERE ( 1 ) ORDER BY id asc LIMIT 1,6   [ RunTime:0.0000s ]
SQL: SELECT `id`,`user_name`,`user_image` FROM `think_user` WHERE `user_name` = 'niyinlong' AND `user_pwd` = 'e10adc3949ba59abbe56e057f20f883e' LIMIT 1   [ RunTime:0.0010s ]
SQL: SELECT `user_name` FROM `think_user` WHERE ( 1 ) LIMIT 1   [ RunTime:0.0010s ]
SQL: DELETE FROM `think_user` WHERE ( id>6 ) [ RunTime:0.0000s ]
INFO: [ app_end ] --START--
INFO: Run Behavior\ShowPageTraceBehavior [ RunTime:0.001000s ]
INFO: [ app_end ] --END-- [ RunTime:0.001000s ]

[ 2017-07-30T11:48:41+08:00 ] ::1 /index.php
INFO: [ app_init ] --START--
INFO: Run Behavior\BuildLiteBehavior [ RunTime:0.000000s ]
INFO: [ app_init ] --END-- [ RunTime:0.001000s ]
INFO: [ app_begin ] --START--
INFO: Run Behavior\ReadHtmlCacheBehavior [ RunTime:0.001000s ]
INFO: [ app_begin ] --END-- [ RunTime:0.001000s ]
SQL: SHOW COLUMNS FROM `think_user` [ RunTime:0.0060s ]
SQL: SELECT `id`,`user_name` FROM `think_user` WHERE ( 1 ) ORDER BY id asc LIMIT 1,6   [ RunTime:0.0010s ]
SQL: SELECT `id`,`user_name`,`user_image` FROM `think_user` WHERE `user_name` = 'niyinlong' AND `user_pwd` = 'e10adc3949ba59abbe56e057f20f883e' LIMIT 1   [ RunTime:0.0010s ]
SQL: SELECT `user_name` FROM `think_user` WHERE ( 1 ) LIMIT 1   [ RunTime:0.0010s ]
SQL: DELETE FROM `think_user` WHERE ( id>6 ) [ RunTime:0.0000s ]
INFO: [ app_end ] --START--
INFO: Run Behavior\ShowPageTraceBehavior [ RunTime:0.002000s ]
INFO: [ app_end ] --END-- [ RunTime:0.002000s ]

[ 2017-07-30T11:52:35+08:00 ] ::1 /index.php
INFO: [ app_init ] --START--
INFO: Run Behavior\BuildLiteBehavior [ RunTime:0.000000s ]
INFO: [ app_init ] --END-- [ RunTime:0.001001s ]
INFO: [ app_begin ] --START--
INFO: Run Behavior\ReadHtmlCacheBehavior [ RunTime:0.001000s ]
INFO: [ app_begin ] --END-- [ RunTime:0.001000s ]
SQL: SHOW COLUMNS FROM `think_user` [ RunTime:0.0070s ]
SQL: SELECT `id`,`user_name` FROM `think_user` WHERE ( 1 ) ORDER BY id asc LIMIT 1,6   [ RunTime:0.0010s ]
SQL: SELECT `id`,`user_name`,`user_image` FROM `think_user` WHERE `user_name` = 'niyinlong' AND `user_pwd` = 'e10adc3949ba59abbe56e057f20f883e' LIMIT 1   [ RunTime:0.0010s ]
SQL: SELECT `user_name` FROM `think_user` WHERE ( 1 ) LIMIT 1   [ RunTime:0.0010s ]
SQL: DELETE FROM `think_user` WHERE ( id>6 ) [ RunTime:0.0000s ]
INFO: [ app_end ] --START--
INFO: Run Behavior\ShowPageTraceBehavior [ RunTime:0.001000s ]
INFO: [ app_end ] --END-- [ RunTime:0.001000s ]

[ 2017-07-30T13:37:54+08:00 ] ::1 /index.php
INFO: [ app_init ] --START--
INFO: Run Behavior\BuildLiteBehavior [ RunTime:0.000000s ]
INFO: [ app_init ] --END-- [ RunTime:0.001000s ]
INFO: [ app_begin ] --START--
INFO: Run Behavior\ReadHtmlCacheBehavior [ RunTime:0.001001s ]
INFO: [ app_begin ] --END-- [ RunTime:0.001001s ]
SQL: SHOW COLUMNS FROM `think_user` [ RunTime:0.0060s ]
SQL: SELECT `id`,`user_name` FROM `think_user` WHERE ( 1 ) ORDER BY id asc LIMIT 1,6   [ RunTime:0.0000s ]
SQL: SELECT `id`,`user_name`,`user_image` FROM `think_user` WHERE `user_name` = 'niyinlong' AND `user_pwd` = 'e10adc3949ba59abbe56e057f20f883e' LIMIT 1   [ RunTime:0.0000s ]
SQL: SELECT `user_name` FROM `think_user` WHERE ( 1 ) LIMIT 1   [ RunTime:0.0010s ]
SQL: DELETE FROM `think_user` WHERE ( id>6 ) [ RunTime:0.0000s ]
INFO: [ app_end ] --START--
INFO: Run Behavior\ShowPageTraceBehavior [ RunTime:0.002000s ]
INFO: [ app_end ] --END-- [ RunTime:0.002000s ]

[ 2017-07-30T13:37:58+08:00 ] ::1 /index.php
INFO: [ app_init ] --START--
INFO: Run Behavior\BuildLiteBehavior [ RunTime:0.000000s ]
INFO: [ app_init ] --END-- [ RunTime:0.000000s ]
INFO: [ app_begin ] --START--
INFO: Run Behavior\ReadHtmlCacheBehavior [ RunTime:0.001001s ]
INFO: [ app_begin ] --END-- [ RunTime:0.001001s ]
SQL: SHOW COLUMNS FROM `think_user` [ RunTime:0.0070s ]
SQL: SELECT `id`,`user_name` FROM `think_user` WHERE ( 1 ) ORDER BY id asc LIMIT 1,6   [ RunTime:0.0010s ]
SQL: SELECT `id`,`user_name`,`user_image` FROM `think_user` WHERE `user_name` = 'niyinlong' AND `user_pwd` = 'e10adc3949ba59abbe56e057f20f883e' LIMIT 1   [ RunTime:0.0010s ]
SQL: SELECT `user_name` FROM `think_user` WHERE ( 1 ) LIMIT 1   [ RunTime:0.0010s ]
SQL: DELETE FROM `think_user` WHERE ( id>6 ) [ RunTime:0.0000s ]
INFO: [ app_end ] --START--
INFO: Run Behavior\ShowPageTraceBehavior [ RunTime:0.002000s ]
INFO: [ app_end ] --END-- [ RunTime:0.002000s ]

[ 2017-07-30T13:38:08+08:00 ] ::1 /index.php
INFO: [ app_init ] --START--
INFO: Run Behavior\BuildLiteBehavior [ RunTime:0.000000s ]
INFO: [ app_init ] --END-- [ RunTime:0.001001s ]
INFO: [ app_begin ] --START--
INFO: Run Behavior\ReadHtmlCacheBehavior [ RunTime:0.001000s ]
INFO: [ app_begin ] --END-- [ RunTime:0.001000s ]
SQL: SHOW COLUMNS FROM `think_user` [ RunTime:0.0070s ]
SQL: SELECT `id`,`user_name` FROM `think_user` WHERE ( 1 ) ORDER BY id asc LIMIT 1,6   [ RunTime:0.0040s ]
SQL: SELECT `id`,`user_name`,`user_image` FROM `think_user` WHERE `user_name` = 'niyinlong' AND `user_pwd` = 'e10adc3949ba59abbe56e057f20f883e' LIMIT 1   [ RunTime:0.0010s ]
SQL: SELECT `user_name` FROM `think_user` WHERE ( 1 ) LIMIT 1   [ RunTime:0.0010s ]
SQL: DELETE FROM `think_user` WHERE ( id>6 ) [ RunTime:0.0010s ]
INFO: [ app_end ] --START--
INFO: Run Behavior\ShowPageTraceBehavior [ RunTime:0.001000s ]
INFO: [ app_end ] --END-- [ RunTime:0.001000s ]

