[ 2017-08-06T09:19:52+08:00 ] ::1 /
INFO: [ app_init ] --START--
INFO: Run Behavior\BuildLiteBehavior [ RunTime:0.000000s ]
INFO: [ app_init ] --END-- [ RunTime:0.061003s ]
INFO: [ app_begin ] --START--
INFO: Run Behavior\ReadHtmlCacheBehavior [ RunTime:0.000000s ]
INFO: [ app_begin ] --END-- [ RunTime:0.000000s ]
SQL: SHOW COLUMNS FROM `think_user` [ RunTime:0.0030s ]
SQL: SELECT `id`,`user_name` FROM `think_user` WHERE ( 1 ) ORDER BY id asc LIMIT 1,6   [ RunTime:0.0000s ]
SQL: SELECT `id`,`user_name`,`user_image` FROM `think_user` WHERE `user_name` = 'niyinlong' AND `user_pwd` = 'e10adc3949ba59abbe56e057f20f883e' LIMIT 1   [ RunTime:0.0010s ]
SQL: SELECT `user_name` FROM `think_user` WHERE ( 1 ) LIMIT 1   [ RunTime:0.0000s ]
SQL: DELETE FROM `think_user` WHERE ( id>6 ) [ RunTime:0.0000s ]
INFO: [ app_end ] --START--
INFO: Run Behavior\ShowPageTraceBehavior [ RunTime:0.001001s ]
INFO: [ app_end ] --END-- [ RunTime:0.001001s ]

[ 2017-08-06T09:19:53+08:00 ] ::1 /
INFO: [ app_init ] --START--
INFO: Run Behavior\BuildLiteBehavior [ RunTime:0.000000s ]
INFO: [ app_init ] --END-- [ RunTime:0.000000s ]
INFO: [ app_begin ] --START--
INFO: Run Behavior\ReadHtmlCacheBehavior [ RunTime:0.001000s ]
INFO: [ app_begin ] --END-- [ RunTime:0.001000s ]
SQL: SHOW COLUMNS FROM `think_user` [ RunTime:0.0030s ]
SQL: SELECT `id`,`user_name` FROM `think_user` WHERE ( 1 ) ORDER BY id asc LIMIT 1,6   [ RunTime:0.0000s ]
SQL: SELECT `id`,`user_name`,`user_image` FROM `think_user` WHERE `user_name` = 'niyinlong' AND `user_pwd` = 'e10adc3949ba59abbe56e057f20f883e' LIMIT 1   [ RunTime:0.0000s ]
SQL: SELECT `user_name` FROM `think_user` WHERE ( 1 ) LIMIT 1   [ RunTime:0.0000s ]
SQL: DELETE FROM `think_user` WHERE ( id>6 ) [ RunTime:0.0000s ]
INFO: [ app_end ] --START--
INFO: Run Behavior\ShowPageTraceBehavior [ RunTime:0.001000s ]
INFO: [ app_end ] --END-- [ RunTime:0.001000s ]

[ 2017-08-06T15:05:18+08:00 ] ::1 /index.php/Question/Index/index/user/index/p/2.html?s=0
INFO: [ app_init ] --START--
INFO: Run Behavior\BuildLiteBehavior [ RunTime:0.000000s ]
INFO: [ app_init ] --END-- [ RunTime:0.001000s ]
INFO: [ app_begin ] --START--
INFO: Run Behavior\ReadHtmlCacheBehavior [ RunTime:0.001000s ]
INFO: [ app_begin ] --END-- [ RunTime:0.001000s ]
SQL: SHOW COLUMNS FROM `think_user` [ RunTime:0.0040s ]
SQL: SELECT `id`,`user_name` FROM `think_user` WHERE ( 1 ) ORDER BY id asc LIMIT 1,6   [ RunTime:0.0010s ]
SQL: SELECT `id`,`user_name`,`user_image` FROM `think_user` WHERE `user_name` = 'niyinlong' AND `user_pwd` = 'e10adc3949ba59abbe56e057f20f883e' LIMIT 1   [ RunTime:0.0220s ]
SQL: SELECT `user_name` FROM `think_user` WHERE ( 1 ) LIMIT 1   [ RunTime:0.0000s ]
SQL: DELETE FROM `think_user` WHERE ( id>6 ) [ RunTime:0.0010s ]
INFO: [ app_end ] --START--
INFO: Run Behavior\ShowPageTraceBehavior [ RunTime:0.001000s ]
INFO: [ app_end ] --END-- [ RunTime:0.001000s ]

