[ 2017-12-05T14:10:38+08:00 ] ::1 /
INFO: [ app_init ] --START--
INFO: Run Behavior\BuildLiteBehavior [ RunTime:0.000010s ]
INFO: [ app_init ] --END-- [ RunTime:0.006710s ]
INFO: [ app_begin ] --START--
INFO: Run Behavior\ReadHtmlCacheBehavior [ RunTime:0.000690s ]
INFO: [ app_begin ] --END-- [ RunTime:0.000726s ]
INFO: [ view_parse ] --START--
INFO: [ template_filter ] --START--
INFO: Run Behavior\ContentReplaceBehavior [ RunTime:0.001186s ]
INFO: [ template_filter ] --END-- [ RunTime:0.001241s ]
INFO: Run Behavior\ParseTemplateBehavior [ RunTime:0.011966s ]
INFO: [ view_parse ] --END-- [ RunTime:0.012024s ]
INFO: [ view_filter ] --START--
INFO: Run Behavior\WriteHtmlCacheBehavior [ RunTime:0.000703s ]
INFO: [ view_filter ] --END-- [ RunTime:0.000735s ]

[ 2017-12-05T14:14:21+08:00 ] 127.0.0.1 /
INFO: [ app_init ] --START--
INFO: Run Behavior\BuildLiteBehavior [ RunTime:0.000010s ]
INFO: [ app_init ] --END-- [ RunTime:0.000327s ]
INFO: [ app_begin ] --START--
INFO: Run Behavior\ReadHtmlCacheBehavior [ RunTime:0.000419s ]
INFO: [ app_begin ] --END-- [ RunTime:0.000459s ]
INFO: [ view_parse ] --START--
INFO: [ template_filter ] --START--
INFO: Run Behavior\ContentReplaceBehavior [ RunTime:0.000028s ]
INFO: [ template_filter ] --END-- [ RunTime:0.000062s ]
INFO: Run Behavior\ParseTemplateBehavior [ RunTime:0.004115s ]
INFO: [ view_parse ] --END-- [ RunTime:0.004172s ]
INFO: [ view_filter ] --START--
INFO: Run Behavior\WriteHtmlCacheBehavior [ RunTime:0.000219s ]
INFO: [ view_filter ] --END-- [ RunTime:0.000243s ]

[ 2017-12-05T14:14:38+08:00 ] 127.0.0.1 /index.php
INFO: [ app_init ] --START--
INFO: Run Behavior\BuildLiteBehavior [ RunTime:0.000009s ]
INFO: [ app_init ] --END-- [ RunTime:0.000225s ]
INFO: [ app_begin ] --START--
INFO: Run Behavior\ReadHtmlCacheBehavior [ RunTime:0.000465s ]
INFO: [ app_begin ] --END-- [ RunTime:0.000497s ]
NOTIC: [8] Undefined index: status D:\xampp\htdocs\App\Home\Controller\IndexController.class.php 第 21 行.
SQL: SHOW COLUMNS FROM `think_question` [ RunTime:0.0047s ]
SQL: SELECT COUNT(*) AS tp_count FROM `think_question` WHERE ( 1 ) LIMIT 1   [ RunTime:0.0076s ]
SQL: select q.id,q.question_title,q.question_time,q.question_view,q.question_status as s,q.question_comment,q.question_uid as uid ,q.question_type as tid,u.user_name,u.user_image,t.type_name from think_question as q left join think_user as u on q.question_uid = u.id left join think_question_type as t on q.question_type = t.id where 1 order by q.question_time desc limit 0,15 [ RunTime:0.0087s ]
SQL: SELECT `id`,`question_title`,`question_view` FROM `think_question` WHERE ( 1 ) ORDER BY question_view desc LIMIT 8   [ RunTime:0.0082s ]
SQL: SELECT `id`,`question_title`,`question_comment` FROM `think_question` WHERE ( 1 ) ORDER BY question_comment desc LIMIT 8   [ RunTime:0.0040s ]
SQL: select u.id,u.user_name,u.user_image,count(a.id) as c from think_user as u left join think_answer as a on u.id = a.answe_uid where 1 GROUP by u.id order by c desc LIMIT 12 [ RunTime:0.0084s ]
INFO: [ view_parse ] --START--
INFO: [ template_filter ] --START--
INFO: Run Behavior\ContentReplaceBehavior [ RunTime:0.000056s ]
INFO: [ template_filter ] --END-- [ RunTime:0.000093s ]
INFO: Run Behavior\ParseTemplateBehavior [ RunTime:0.008632s ]
INFO: [ view_parse ] --END-- [ RunTime:0.008674s ]
INFO: [ view_filter ] --START--
INFO: Run Behavior\WriteHtmlCacheBehavior [ RunTime:0.000151s ]
INFO: [ view_filter ] --END-- [ RunTime:0.000175s ]
INFO: [ app_end ] --START--
INFO: Run Behavior\ShowPageTraceBehavior [ RunTime:0.000427s ]
INFO: [ app_end ] --END-- [ RunTime:0.000467s ]

[ 2017-12-05T14:14:40+08:00 ] 127.0.0.1 /index.php/Home/Index?status=0
INFO: [ app_init ] --START--
INFO: Run Behavior\BuildLiteBehavior [ RunTime:0.000009s ]
INFO: [ app_init ] --END-- [ RunTime:0.000260s ]
INFO: [ app_begin ] --START--
INFO: Run Behavior\ReadHtmlCacheBehavior [ RunTime:0.000276s ]
INFO: [ app_begin ] --END-- [ RunTime:0.000309s ]
SQL: SHOW COLUMNS FROM `think_question` [ RunTime:0.0058s ]
SQL: SELECT COUNT(*) AS tp_count FROM `think_question` WHERE (  question_status = 0  ) LIMIT 1   [ RunTime:0.0052s ]
SQL: select q.id,q.question_title,q.question_time,q.question_view,q.question_status as s,q.question_comment,q.question_uid as uid ,q.question_type as tid,u.user_name,u.user_image,t.type_name from think_question as q left join think_user as u on q.question_uid = u.id left join think_question_type as t on q.question_type = t.id where  question_status = 0  order by q.question_time desc limit 0,15 [ RunTime:0.0057s ]
SQL: SELECT `id`,`question_title`,`question_view` FROM `think_question` WHERE ( 1 ) ORDER BY question_view desc LIMIT 8   [ RunTime:0.0045s ]
SQL: SELECT `id`,`question_title`,`question_comment` FROM `think_question` WHERE ( 1 ) ORDER BY question_comment desc LIMIT 8   [ RunTime:0.0052s ]
SQL: select u.id,u.user_name,u.user_image,count(a.id) as c from think_user as u left join think_answer as a on u.id = a.answe_uid where 1 GROUP by u.id order by c desc LIMIT 12 [ RunTime:0.0053s ]
INFO: [ view_parse ] --START--
INFO: [ template_filter ] --START--
INFO: Run Behavior\ContentReplaceBehavior [ RunTime:0.000059s ]
INFO: [ template_filter ] --END-- [ RunTime:0.000097s ]
INFO: Run Behavior\ParseTemplateBehavior [ RunTime:0.008913s ]
INFO: [ view_parse ] --END-- [ RunTime:0.008948s ]
INFO: [ view_filter ] --START--
INFO: Run Behavior\WriteHtmlCacheBehavior [ RunTime:0.000158s ]
INFO: [ view_filter ] --END-- [ RunTime:0.000183s ]
INFO: [ app_end ] --START--
INFO: Run Behavior\ShowPageTraceBehavior [ RunTime:0.000453s ]
INFO: [ app_end ] --END-- [ RunTime:0.000518s ]

[ 2017-12-05T14:14:41+08:00 ] 127.0.0.1 /index.php/Home/Index?status=1
INFO: [ app_init ] --START--
INFO: Run Behavior\BuildLiteBehavior [ RunTime:0.000008s ]
INFO: [ app_init ] --END-- [ RunTime:0.000243s ]
INFO: [ app_begin ] --START--
INFO: Run Behavior\ReadHtmlCacheBehavior [ RunTime:0.000412s ]
INFO: [ app_begin ] --END-- [ RunTime:0.000460s ]
SQL: SHOW COLUMNS FROM `think_question` [ RunTime:0.0053s ]
SQL: SELECT COUNT(*) AS tp_count FROM `think_question` WHERE (  question_status = 1  ) LIMIT 1   [ RunTime:0.0050s ]
SQL: select q.id,q.question_title,q.question_time,q.question_view,q.question_status as s,q.question_comment,q.question_uid as uid ,q.question_type as tid,u.user_name,u.user_image,t.type_name from think_question as q left join think_user as u on q.question_uid = u.id left join think_question_type as t on q.question_type = t.id where  question_status = 1  order by q.question_time desc limit 0,15 [ RunTime:0.0089s ]
SQL: SELECT `id`,`question_title`,`question_view` FROM `think_question` WHERE ( 1 ) ORDER BY question_view desc LIMIT 8   [ RunTime:0.0051s ]
SQL: SELECT `id`,`question_title`,`question_comment` FROM `think_question` WHERE ( 1 ) ORDER BY question_comment desc LIMIT 8   [ RunTime:0.0041s ]
SQL: select u.id,u.user_name,u.user_image,count(a.id) as c from think_user as u left join think_answer as a on u.id = a.answe_uid where 1 GROUP by u.id order by c desc LIMIT 12 [ RunTime:0.0050s ]
INFO: [ view_parse ] --START--
INFO: [ template_filter ] --START--
INFO: Run Behavior\ContentReplaceBehavior [ RunTime:0.000053s ]
INFO: [ template_filter ] --END-- [ RunTime:0.000086s ]
INFO: Run Behavior\ParseTemplateBehavior [ RunTime:0.008805s ]
INFO: [ view_parse ] --END-- [ RunTime:0.008838s ]
INFO: [ view_filter ] --START--
INFO: Run Behavior\WriteHtmlCacheBehavior [ RunTime:0.000188s ]
INFO: [ view_filter ] --END-- [ RunTime:0.000210s ]
INFO: [ app_end ] --START--
INFO: Run Behavior\ShowPageTraceBehavior [ RunTime:0.000489s ]
INFO: [ app_end ] --END-- [ RunTime:0.000536s ]

[ 2017-12-05T14:14:41+08:00 ] 127.0.0.1 /index.php/Home/Index?status=2
INFO: [ app_init ] --START--
INFO: Run Behavior\BuildLiteBehavior [ RunTime:0.000008s ]
INFO: [ app_init ] --END-- [ RunTime:0.000213s ]
INFO: [ app_begin ] --START--
INFO: Run Behavior\ReadHtmlCacheBehavior [ RunTime:0.000274s ]
INFO: [ app_begin ] --END-- [ RunTime:0.000305s ]
SQL: SHOW COLUMNS FROM `think_question` [ RunTime:0.0072s ]
SQL: SELECT COUNT(*) AS tp_count FROM `think_question` WHERE (  question_status = 2  ) LIMIT 1   [ RunTime:0.0060s ]
SQL: select q.id,q.question_title,q.question_time,q.question_view,q.question_status as s,q.question_comment,q.question_uid as uid ,q.question_type as tid,u.user_name,u.user_image,t.type_name from think_question as q left join think_user as u on q.question_uid = u.id left join think_question_type as t on q.question_type = t.id where  question_status = 2  order by q.question_time desc limit 0,15 [ RunTime:0.0063s ]
SQL: SELECT `id`,`question_title`,`question_view` FROM `think_question` WHERE ( 1 ) ORDER BY question_view desc LIMIT 8   [ RunTime:0.0060s ]
SQL: SELECT `id`,`question_title`,`question_comment` FROM `think_question` WHERE ( 1 ) ORDER BY question_comment desc LIMIT 8   [ RunTime:0.0059s ]
SQL: select u.id,u.user_name,u.user_image,count(a.id) as c from think_user as u left join think_answer as a on u.id = a.answe_uid where 1 GROUP by u.id order by c desc LIMIT 12 [ RunTime:0.0060s ]
INFO: [ view_parse ] --START--
INFO: [ template_filter ] --START--
INFO: Run Behavior\ContentReplaceBehavior [ RunTime:0.000123s ]
INFO: [ template_filter ] --END-- [ RunTime:0.000158s ]
INFO: Run Behavior\ParseTemplateBehavior [ RunTime:0.009776s ]
INFO: [ view_parse ] --END-- [ RunTime:0.009835s ]
INFO: [ view_filter ] --START--
INFO: Run Behavior\WriteHtmlCacheBehavior [ RunTime:0.000197s ]
INFO: [ view_filter ] --END-- [ RunTime:0.000221s ]
INFO: [ app_end ] --START--
INFO: Run Behavior\ShowPageTraceBehavior [ RunTime:0.000404s ]
INFO: [ app_end ] --END-- [ RunTime:0.000434s ]

