[ 2018-03-03T17:37:02+08:00 ] 127.0.0.1 /
INFO: [ app_init ] --START--
INFO: Run Behavior\BuildLiteBehavior [ RunTime:0.000009s ]
INFO: [ app_init ] --END-- [ RunTime:0.000804s ]
INFO: [ app_begin ] --START--
INFO: Run Behavior\ReadHtmlCacheBehavior [ RunTime:0.000494s ]
INFO: [ app_begin ] --END-- [ RunTime:0.000529s ]
NOTIC: [8] Undefined index: status D:\xampp\htdocs\App\Home\Controller\IndexController.class.php 第 21 行.
SQL: SHOW COLUMNS FROM `think_question` [ RunTime:0.0142s ]
SQL: SELECT COUNT(*) AS tp_count FROM `think_question` WHERE ( 1 ) LIMIT 1   [ RunTime:0.0116s ]
SQL: select q.id,q.question_title,q.question_time,q.question_view,q.question_status as s,q.question_comment,q.question_uid as uid ,q.question_type as tid,u.user_name,u.user_image,t.type_name from think_question as q left join think_user as u on q.question_uid = u.id left join think_question_type as t on q.question_type = t.id where 1 order by q.question_time desc limit 0,15 [ RunTime:0.0121s ]
SQL: SELECT `id`,`question_title`,`question_view` FROM `think_question` WHERE ( 1 ) ORDER BY question_view desc LIMIT 8   [ RunTime:0.0126s ]
SQL: SELECT `id`,`question_title`,`question_comment` FROM `think_question` WHERE ( 1 ) ORDER BY question_comment desc LIMIT 8   [ RunTime:0.0117s ]
SQL: select u.id,u.user_name,u.user_image,count(a.id) as c from think_user as u left join think_answer as a on u.id = a.answe_uid where 1 GROUP by u.id order by c desc LIMIT 12 [ RunTime:0.0131s ]
INFO: [ view_parse ] --START--
INFO: [ template_filter ] --START--
INFO: Run Behavior\ContentReplaceBehavior [ RunTime:0.039207s ]
INFO: [ template_filter ] --END-- [ RunTime:0.039254s ]
INFO: Run Behavior\ParseTemplateBehavior [ RunTime:0.076386s ]
INFO: [ view_parse ] --END-- [ RunTime:0.076424s ]
INFO: [ view_filter ] --START--
INFO: Run Behavior\WriteHtmlCacheBehavior [ RunTime:0.000280s ]
INFO: [ view_filter ] --END-- [ RunTime:0.000305s ]
INFO: [ app_end ] --START--
INFO: Run Behavior\ShowPageTraceBehavior [ RunTime:0.000513s ]
INFO: [ app_end ] --END-- [ RunTime:0.000544s ]

