[ 2017-08-13T09:40:28+08:00 ] 127.0.0.1 /index.php/Quertion/index
INFO: [ app_init ] --START--
INFO: Run Behavior\BuildLiteBehavior [ RunTime:0.000000s ]
INFO: [ app_init ] --END-- [ RunTime:0.001000s ]
ERR: 无法加载模块:Quertion

[ 2017-08-13T09:40:46+08:00 ] 127.0.0.1 /index.php/Quertion/index
INFO: [ app_init ] --START--
INFO: Run Behavior\BuildLiteBehavior [ RunTime:0.000000s ]
INFO: [ app_init ] --END-- [ RunTime:0.001000s ]
ERR: 无法加载模块:Quertion

[ 2017-08-13T09:40:52+08:00 ] 127.0.0.1 /index.php/res/images/avatar/default.png
INFO: [ app_init ] --START--
INFO: Run Behavior\BuildLiteBehavior [ RunTime:0.000000s ]
INFO: [ app_init ] --END-- [ RunTime:0.000000s ]
ERR: 无法加载模块:Res

[ 2017-08-13T09:42:36+08:00 ] 127.0.0.1 /index.php/res/images/avatar/default.png
INFO: [ app_init ] --START--
INFO: Run Behavior\BuildLiteBehavior [ RunTime:0.000000s ]
INFO: [ app_init ] --END-- [ RunTime:0.000000s ]
ERR: 无法加载模块:Res

[ 2017-08-13T09:42:37+08:00 ] 127.0.0.1 /index.php/res/images/avatar/default.png
INFO: [ app_init ] --START--
INFO: Run Behavior\BuildLiteBehavior [ RunTime:0.000000s ]
INFO: [ app_init ] --END-- [ RunTime:0.001000s ]
ERR: 无法加载模块:Res

[ 2017-08-13T09:42:37+08:00 ] 127.0.0.1 /index.php/res/images/avatar/default.png
INFO: [ app_init ] --START--
INFO: Run Behavior\BuildLiteBehavior [ RunTime:0.000000s ]
INFO: [ app_init ] --END-- [ RunTime:0.001000s ]
ERR: 无法加载模块:Res

