[ 2017-08-31T17:39:18+08:00 ] ::1 /index.php/Question
INFO: [ app_init ] --START--
INFO: Run Behavior\BuildLiteBehavior [ RunTime:0.000009s ]
INFO: [ app_init ] --END-- [ RunTime:0.000217s ]
INFO: [ app_begin ] --START--
INFO: Run Behavior\ReadHtmlCacheBehavior [ RunTime:0.000303s ]
INFO: [ app_begin ] --END-- [ RunTime:0.000346s ]
NOTIC: [8] Undefined index: status D:\xampp\htdocs\App\Question\Controller\IndexController.class.php 第 17 行.
SQL: SHOW COLUMNS FROM `think_question` [ RunTime:0.0021s ]
SQL: SELECT COUNT(*) AS tp_count FROM `think_question` WHERE ( 1 ) LIMIT 1   [ RunTime:0.0003s ]
SQL: select q.id,q.question_title,q.question_time,q.question_view,q.question_status as s,q.question_comment,q.question_uid as uid ,q.question_type as tid,u.user_name,u.user_image,t.type_name from think_question as q left join think_user as u on q.question_uid = u.id left join think_question_type as t on q.question_type = t.id where 1 order by q.question_time desc limit 0,15 [ RunTime:0.0004s ]
INFO: [ view_parse ] --START--
INFO: [ template_filter ] --START--
INFO: Run Behavior\ContentReplaceBehavior [ RunTime:0.000045s ]
INFO: [ template_filter ] --END-- [ RunTime:0.000074s ]
INFO: Run Behavior\ParseTemplateBehavior [ RunTime:0.005408s ]
INFO: [ view_parse ] --END-- [ RunTime:0.005441s ]
INFO: [ view_filter ] --START--
INFO: Run Behavior\WriteHtmlCacheBehavior [ RunTime:0.000144s ]
INFO: [ view_filter ] --END-- [ RunTime:0.000168s ]
INFO: [ app_end ] --START--
INFO: Run Behavior\ShowPageTraceBehavior [ RunTime:0.000285s ]
INFO: [ app_end ] --END-- [ RunTime:0.000314s ]

[ 2017-08-31T17:39:26+08:00 ] ::1 /index.php/Question
INFO: [ app_init ] --START--
INFO: Run Behavior\BuildLiteBehavior [ RunTime:0.000008s ]
INFO: [ app_init ] --END-- [ RunTime:0.000246s ]
INFO: [ app_begin ] --START--
INFO: Run Behavior\ReadHtmlCacheBehavior [ RunTime:0.000347s ]
INFO: [ app_begin ] --END-- [ RunTime:0.000377s ]
NOTIC: [8] Undefined index: status D:\xampp\htdocs\App\Question\Controller\IndexController.class.php 第 17 行.
SQL: SHOW COLUMNS FROM `think_question` [ RunTime:0.0023s ]
SQL: SELECT COUNT(*) AS tp_count FROM `think_question` WHERE ( 1 ) LIMIT 1   [ RunTime:0.0002s ]
SQL: select q.id,q.question_title,q.question_time,q.question_view,q.question_status as s,q.question_comment,q.question_uid as uid ,q.question_type as tid,u.user_name,u.user_image,t.type_name from think_question as q left join think_user as u on q.question_uid = u.id left join think_question_type as t on q.question_type = t.id where 1 order by q.question_time desc limit 0,15 [ RunTime:0.0003s ]
INFO: [ view_parse ] --START--
INFO: [ template_filter ] --START--
INFO: Run Behavior\ContentReplaceBehavior [ RunTime:0.000042s ]
INFO: [ template_filter ] --END-- [ RunTime:0.000070s ]
INFO: Run Behavior\ParseTemplateBehavior [ RunTime:0.006285s ]
INFO: [ view_parse ] --END-- [ RunTime:0.006334s ]
INFO: [ view_filter ] --START--
INFO: Run Behavior\WriteHtmlCacheBehavior [ RunTime:0.000276s ]
INFO: [ view_filter ] --END-- [ RunTime:0.000300s ]
INFO: [ app_end ] --START--
INFO: Run Behavior\ShowPageTraceBehavior [ RunTime:0.000483s ]
INFO: [ app_end ] --END-- [ RunTime:0.000528s ]

[ 2017-08-31T17:52:51+08:00 ] 127.0.0.1 /index.php/Question
INFO: [ app_init ] --START--
INFO: Run Behavior\BuildLiteBehavior [ RunTime:0.000007s ]
INFO: [ app_init ] --END-- [ RunTime:0.000209s ]
INFO: [ app_begin ] --START--
INFO: Run Behavior\ReadHtmlCacheBehavior [ RunTime:0.000264s ]
INFO: [ app_begin ] --END-- [ RunTime:0.000293s ]
NOTIC: [8] Undefined index: status D:\xampp\htdocs\App\Question\Controller\IndexController.class.php 第 17 行.
SQL: SHOW COLUMNS FROM `think_question` [ RunTime:0.0026s ]
SQL: SELECT COUNT(*) AS tp_count FROM `think_question` WHERE ( 1 ) LIMIT 1   [ RunTime:0.0005s ]
SQL: select q.id,q.question_title,q.question_time,q.question_view,q.question_status as s,q.question_comment,q.question_uid as uid ,q.question_type as tid,u.user_name,u.user_image,t.type_name from think_question as q left join think_user as u on q.question_uid = u.id left join think_question_type as t on q.question_type = t.id where 1 order by q.question_time desc limit 0,15 [ RunTime:0.0006s ]
INFO: [ view_parse ] --START--
INFO: [ template_filter ] --START--
INFO: Run Behavior\ContentReplaceBehavior [ RunTime:0.000043s ]
INFO: [ template_filter ] --END-- [ RunTime:0.000075s ]
INFO: Run Behavior\ParseTemplateBehavior [ RunTime:0.005716s ]
INFO: [ view_parse ] --END-- [ RunTime:0.005751s ]
INFO: [ view_filter ] --START--
INFO: Run Behavior\WriteHtmlCacheBehavior [ RunTime:0.000143s ]
INFO: [ view_filter ] --END-- [ RunTime:0.000167s ]
INFO: [ app_end ] --START--
INFO: Run Behavior\ShowPageTraceBehavior [ RunTime:0.000413s ]
INFO: [ app_end ] --END-- [ RunTime:0.000470s ]

[ 2017-08-31T18:03:13+08:00 ] 127.0.0.1 /index.php/Question
INFO: [ app_init ] --START--
INFO: Run Behavior\BuildLiteBehavior [ RunTime:0.000008s ]
INFO: [ app_init ] --END-- [ RunTime:0.000207s ]
INFO: [ app_begin ] --START--
INFO: Run Behavior\ReadHtmlCacheBehavior [ RunTime:0.000298s ]
INFO: [ app_begin ] --END-- [ RunTime:0.000355s ]
NOTIC: [8] Undefined index: status D:\xampp\htdocs\App\Question\Controller\IndexController.class.php 第 17 行.
SQL: SHOW COLUMNS FROM `think_question` [ RunTime:0.0022s ]
SQL: SELECT COUNT(*) AS tp_count FROM `think_question` WHERE ( 1 ) LIMIT 1   [ RunTime:0.0003s ]
SQL: select q.id,q.question_title,q.question_time,q.question_view,q.question_status as s,q.question_comment,q.question_uid as uid ,q.question_type as tid,u.user_name,u.user_image,t.type_name from think_question as q left join think_user as u on q.question_uid = u.id left join think_question_type as t on q.question_type = t.id where 1 order by q.question_time desc limit 0,15 [ RunTime:0.0008s ]
INFO: [ view_parse ] --START--
INFO: [ template_filter ] --START--
INFO: Run Behavior\ContentReplaceBehavior [ RunTime:0.000044s ]
INFO: [ template_filter ] --END-- [ RunTime:0.000076s ]
INFO: Run Behavior\ParseTemplateBehavior [ RunTime:0.006491s ]
INFO: [ view_parse ] --END-- [ RunTime:0.006527s ]
INFO: [ view_filter ] --START--
INFO: Run Behavior\WriteHtmlCacheBehavior [ RunTime:0.000138s ]
INFO: [ view_filter ] --END-- [ RunTime:0.000161s ]
INFO: [ app_end ] --START--
INFO: Run Behavior\ShowPageTraceBehavior [ RunTime:0.000361s ]
INFO: [ app_end ] --END-- [ RunTime:0.000404s ]

[ 2017-08-31T18:10:03+08:00 ] 127.0.0.1 /index.php/Question
INFO: [ app_init ] --START--
INFO: Run Behavior\BuildLiteBehavior [ RunTime:0.000021s ]
INFO: [ app_init ] --END-- [ RunTime:0.000285s ]
INFO: [ app_begin ] --START--
INFO: Run Behavior\ReadHtmlCacheBehavior [ RunTime:0.000266s ]
INFO: [ app_begin ] --END-- [ RunTime:0.000296s ]
NOTIC: [8] Undefined index: status D:\xampp\htdocs\App\Question\Controller\IndexController.class.php 第 17 行.
SQL: SHOW COLUMNS FROM `think_question` [ RunTime:0.0023s ]
SQL: SELECT COUNT(*) AS tp_count FROM `think_question` WHERE ( 1 ) LIMIT 1   [ RunTime:0.0003s ]
SQL: select q.id,q.question_title,q.question_time,q.question_view,q.question_status as s,q.question_comment,q.question_uid as uid ,q.question_type as tid,u.user_name,u.user_image,t.type_name from think_question as q left join think_user as u on q.question_uid = u.id left join think_question_type as t on q.question_type = t.id where 1 order by q.question_time desc limit 0,15 [ RunTime:0.0004s ]
INFO: [ view_parse ] --START--
INFO: [ template_filter ] --START--
INFO: Run Behavior\ContentReplaceBehavior [ RunTime:0.000048s ]
INFO: [ template_filter ] --END-- [ RunTime:0.000080s ]
INFO: Run Behavior\ParseTemplateBehavior [ RunTime:0.005854s ]
INFO: [ view_parse ] --END-- [ RunTime:0.005886s ]
INFO: [ view_filter ] --START--
INFO: Run Behavior\WriteHtmlCacheBehavior [ RunTime:0.000144s ]
INFO: [ view_filter ] --END-- [ RunTime:0.000168s ]
INFO: [ app_end ] --START--
INFO: Run Behavior\ShowPageTraceBehavior [ RunTime:0.000365s ]
INFO: [ app_end ] --END-- [ RunTime:0.000413s ]

