[ 2017-08-21T21:52:38+08:00 ] ::1 /index.php/Question/index/detail?q=8
INFO: [ app_init ] --START--
INFO: Run Behavior\BuildLiteBehavior [ RunTime:0.000000s ]
INFO: [ app_init ] --END-- [ RunTime:0.002000s ]
INFO: [ app_begin ] --START--
INFO: Run Behavior\ReadHtmlCacheBehavior [ RunTime:0.004000s ]
INFO: [ app_begin ] --END-- [ RunTime:0.004000s ]
SQL: select u.id as uid,u.user_name,u.user_image,q.* from think_user as u right join think_question as q on u.id = q.question_uid where q.id = 8 [ RunTime:0.0010s ]
SQL: SHOW COLUMNS FROM `think_question` [ RunTime:0.0060s ]
SQL: SELECT `question_beast` FROM `think_question` WHERE ( id=8 ) LIMIT 1   [ RunTime:0.0010s ]
SQL: select a.* ,u.id as uid,u.user_name,u.user_image from think_answer as a left join think_user as u on a.answe_uid = u.id  where  a.answer_qid = 8 and a.id !=17 order by answer_time desc [ RunTime:0.0010s ]
SQL: SHOW COLUMNS FROM `think_answer_like` [ RunTime:0.0070s ]
SQL: SELECT COUNT(*) AS tp_count FROM `think_answer_like` WHERE ( like_cid = 8 ) LIMIT 1   [ RunTime:0.0000s ]
SQL: select a.* ,u.id as uid,u.user_name,u.user_image from think_answer as a left join think_user as u on a.answe_uid = u.id where a.id = 17 [ RunTime:0.0000s ]
SQL: SELECT COUNT(*) AS tp_count FROM `think_answer_like` WHERE ( like_cid = 17 ) LIMIT 1   [ RunTime:0.0010s ]
SQL: UPDATE `think_question` SET `question_view`=question_view+1 WHERE ( id = 8 ) [ RunTime:0.0040s ]
SQL: SELECT `id`,`question_title`,`question_view` FROM `think_question` WHERE ( 1 ) ORDER BY question_view desc LIMIT 8   [ RunTime:0.0010s ]
SQL: SELECT `id`,`question_title`,`question_comment` FROM `think_question` WHERE ( 1 ) ORDER BY question_comment desc LIMIT 8   [ RunTime:0.0000s ]
INFO: [ view_parse ] --START--
INFO: [ template_filter ] --START--
INFO: Run Behavior\ContentReplaceBehavior [ RunTime:0.001000s ]
INFO: [ template_filter ] --END-- [ RunTime:0.001000s ]
INFO: Run Behavior\ParseTemplateBehavior [ RunTime:0.051003s ]
INFO: [ view_parse ] --END-- [ RunTime:0.051003s ]
INFO: [ view_filter ] --START--
INFO: Run Behavior\WriteHtmlCacheBehavior [ RunTime:0.003000s ]
INFO: [ view_filter ] --END-- [ RunTime:0.003000s ]
INFO: [ app_end ] --START--
INFO: Run Behavior\ShowPageTraceBehavior [ RunTime:0.004000s ]
INFO: [ app_end ] --END-- [ RunTime:0.004000s ]

