[ 2018-02-01T09:15:43+08:00 ] 127.0.0.1 /index.php/Question
INFO: [ app_init ] --START--
INFO: Run Behavior\BuildLiteBehavior [ RunTime:0.000009s ]
INFO: [ app_init ] --END-- [ RunTime:0.000241s ]
INFO: [ app_begin ] --START--
INFO: Run Behavior\ReadHtmlCacheBehavior [ RunTime:0.000576s ]
INFO: [ app_begin ] --END-- [ RunTime:0.000634s ]
NOTIC: [8] Undefined index: status D:\xampp\htdocs\App\Question\Controller\IndexController.class.php 第 18 行.
SQL: SHOW COLUMNS FROM `think_question` [ RunTime:0.0046s ]
SQL: SELECT COUNT(*) AS tp_count FROM `think_question` WHERE ( 1 ) LIMIT 1   [ RunTime:0.0041s ]
SQL: select q.id,q.question_title,q.question_time,q.question_view,q.question_status as s,q.question_comment,q.question_uid as uid ,q.question_type as tid,u.user_name,u.user_image,t.type_name from think_question as q left join think_user as u on q.question_uid = u.id left join think_question_type as t on q.question_type = t.id where 1 order by q.question_time desc limit 0,15 [ RunTime:0.0060s ]
INFO: [ view_parse ] --START--
INFO: [ template_filter ] --START--
INFO: Run Behavior\ContentReplaceBehavior [ RunTime:0.000039s ]
INFO: [ template_filter ] --END-- [ RunTime:0.000068s ]
INFO: Run Behavior\ParseTemplateBehavior [ RunTime:0.019259s ]
INFO: [ view_parse ] --END-- [ RunTime:0.019298s ]
INFO: [ view_filter ] --START--
INFO: Run Behavior\WriteHtmlCacheBehavior [ RunTime:0.000172s ]
INFO: [ view_filter ] --END-- [ RunTime:0.000196s ]
INFO: [ app_end ] --START--
INFO: Run Behavior\ShowPageTraceBehavior [ RunTime:0.000492s ]
INFO: [ app_end ] --END-- [ RunTime:0.000562s ]

[ 2018-02-01T09:15:44+08:00 ] 127.0.0.1 /index.php/Question/Index?status=0
INFO: [ app_init ] --START--
INFO: Run Behavior\BuildLiteBehavior [ RunTime:0.000042s ]
INFO: [ app_init ] --END-- [ RunTime:0.000492s ]
INFO: [ app_begin ] --START--
INFO: Run Behavior\ReadHtmlCacheBehavior [ RunTime:0.000319s ]
INFO: [ app_begin ] --END-- [ RunTime:0.000353s ]
SQL: SHOW COLUMNS FROM `think_question` [ RunTime:0.0076s ]
SQL: SELECT COUNT(*) AS tp_count FROM `think_question` WHERE (  question_status = 0  ) LIMIT 1   [ RunTime:0.0048s ]
SQL: select q.id,q.question_title,q.question_time,q.question_view,q.question_status as s,q.question_comment,q.question_uid as uid ,q.question_type as tid,u.user_name,u.user_image,t.type_name from think_question as q left join think_user as u on q.question_uid = u.id left join think_question_type as t on q.question_type = t.id where  question_status = 0  order by q.question_time desc limit 0,15 [ RunTime:0.0094s ]
INFO: [ view_parse ] --START--
INFO: [ template_filter ] --START--
INFO: Run Behavior\ContentReplaceBehavior [ RunTime:0.000041s ]
INFO: [ template_filter ] --END-- [ RunTime:0.000070s ]
INFO: Run Behavior\ParseTemplateBehavior [ RunTime:0.005878s ]
INFO: [ view_parse ] --END-- [ RunTime:0.005912s ]
INFO: [ view_filter ] --START--
INFO: Run Behavior\WriteHtmlCacheBehavior [ RunTime:0.000169s ]
INFO: [ view_filter ] --END-- [ RunTime:0.000193s ]
INFO: [ app_end ] --START--
INFO: Run Behavior\ShowPageTraceBehavior [ RunTime:0.000527s ]
INFO: [ app_end ] --END-- [ RunTime:0.000598s ]

[ 2018-02-01T09:15:45+08:00 ] 127.0.0.1 /index.php/Question/Index?status=1
INFO: [ app_init ] --START--
INFO: Run Behavior\BuildLiteBehavior [ RunTime:0.000009s ]
INFO: [ app_init ] --END-- [ RunTime:0.000254s ]
INFO: [ app_begin ] --START--
INFO: Run Behavior\ReadHtmlCacheBehavior [ RunTime:0.000303s ]
INFO: [ app_begin ] --END-- [ RunTime:0.000347s ]
SQL: SHOW COLUMNS FROM `think_question` [ RunTime:0.0060s ]
SQL: SELECT COUNT(*) AS tp_count FROM `think_question` WHERE (  question_status = 1  ) LIMIT 1   [ RunTime:0.0045s ]
SQL: select q.id,q.question_title,q.question_time,q.question_view,q.question_status as s,q.question_comment,q.question_uid as uid ,q.question_type as tid,u.user_name,u.user_image,t.type_name from think_question as q left join think_user as u on q.question_uid = u.id left join think_question_type as t on q.question_type = t.id where  question_status = 1  order by q.question_time desc limit 0,15 [ RunTime:0.0059s ]
INFO: [ view_parse ] --START--
INFO: [ template_filter ] --START--
INFO: Run Behavior\ContentReplaceBehavior [ RunTime:0.000041s ]
INFO: [ template_filter ] --END-- [ RunTime:0.000072s ]
INFO: Run Behavior\ParseTemplateBehavior [ RunTime:0.006700s ]
INFO: [ view_parse ] --END-- [ RunTime:0.006735s ]
INFO: [ view_filter ] --START--
INFO: Run Behavior\WriteHtmlCacheBehavior [ RunTime:0.000168s ]
INFO: [ view_filter ] --END-- [ RunTime:0.000191s ]
INFO: [ app_end ] --START--
INFO: Run Behavior\ShowPageTraceBehavior [ RunTime:0.000356s ]
INFO: [ app_end ] --END-- [ RunTime:0.000381s ]

[ 2018-02-01T09:15:47+08:00 ] 127.0.0.1 /index.php/Question/Index?status=2
INFO: [ app_init ] --START--
INFO: Run Behavior\BuildLiteBehavior [ RunTime:0.000010s ]
INFO: [ app_init ] --END-- [ RunTime:0.000264s ]
INFO: [ app_begin ] --START--
INFO: Run Behavior\ReadHtmlCacheBehavior [ RunTime:0.000311s ]
INFO: [ app_begin ] --END-- [ RunTime:0.000343s ]
SQL: SHOW COLUMNS FROM `think_question` [ RunTime:0.0058s ]
SQL: SELECT COUNT(*) AS tp_count FROM `think_question` WHERE (  question_status = 2  ) LIMIT 1   [ RunTime:0.0044s ]
SQL: select q.id,q.question_title,q.question_time,q.question_view,q.question_status as s,q.question_comment,q.question_uid as uid ,q.question_type as tid,u.user_name,u.user_image,t.type_name from think_question as q left join think_user as u on q.question_uid = u.id left join think_question_type as t on q.question_type = t.id where  question_status = 2  order by q.question_time desc limit 0,15 [ RunTime:0.0047s ]
INFO: [ view_parse ] --START--
INFO: [ template_filter ] --START--
INFO: Run Behavior\ContentReplaceBehavior [ RunTime:0.000044s ]
INFO: [ template_filter ] --END-- [ RunTime:0.000081s ]
INFO: Run Behavior\ParseTemplateBehavior [ RunTime:0.006684s ]
INFO: [ view_parse ] --END-- [ RunTime:0.006724s ]
INFO: [ view_filter ] --START--
INFO: Run Behavior\WriteHtmlCacheBehavior [ RunTime:0.000176s ]
INFO: [ view_filter ] --END-- [ RunTime:0.000201s ]
INFO: [ app_end ] --START--
INFO: Run Behavior\ShowPageTraceBehavior [ RunTime:0.000310s ]
INFO: [ app_end ] --END-- [ RunTime:0.000336s ]

