[ 2018-03-03T09:43:51+08:00 ] 127.0.0.1 /index.php/Question
INFO: [ app_init ] --START--
INFO: Run Behavior\BuildLiteBehavior [ RunTime:0.000009s ]
INFO: [ app_init ] --END-- [ RunTime:0.000286s ]
INFO: [ app_begin ] --START--
INFO: Run Behavior\ReadHtmlCacheBehavior [ RunTime:0.000546s ]
INFO: [ app_begin ] --END-- [ RunTime:0.000624s ]
NOTIC: [8] Undefined index: status D:\xampp\htdocs\App\Question\Controller\IndexController.class.php 第 18 行.
SQL: SHOW COLUMNS FROM `think_question` [ RunTime:0.0144s ]
SQL: SELECT COUNT(*) AS tp_count FROM `think_question` WHERE ( 1 ) LIMIT 1   [ RunTime:0.0133s ]
SQL: select q.id,q.question_title,q.question_time,q.question_view,q.question_status as s,q.question_comment,q.question_uid as uid ,q.question_type as tid,u.user_name,u.user_image,t.type_name from think_question as q left join think_user as u on q.question_uid = u.id left join think_question_type as t on q.question_type = t.id where 1 order by q.question_time desc limit 0,15 [ RunTime:0.0139s ]
INFO: [ view_parse ] --START--
INFO: [ template_filter ] --START--
INFO: Run Behavior\ContentReplaceBehavior [ RunTime:0.000042s ]
INFO: [ template_filter ] --END-- [ RunTime:0.000075s ]
INFO: Run Behavior\ParseTemplateBehavior [ RunTime:0.008496s ]
INFO: [ view_parse ] --END-- [ RunTime:0.008555s ]
INFO: [ view_filter ] --START--
INFO: Run Behavior\WriteHtmlCacheBehavior [ RunTime:0.000264s ]
INFO: [ view_filter ] --END-- [ RunTime:0.000290s ]
INFO: [ app_end ] --START--
INFO: Run Behavior\ShowPageTraceBehavior [ RunTime:0.000591s ]
INFO: [ app_end ] --END-- [ RunTime:0.000620s ]

[ 2018-03-03T09:44:34+08:00 ] 127.0.0.1 /index.php/Question
INFO: [ app_init ] --START--
INFO: Run Behavior\BuildLiteBehavior [ RunTime:0.000008s ]
INFO: [ app_init ] --END-- [ RunTime:0.000228s ]
INFO: [ app_begin ] --START--
INFO: Run Behavior\ReadHtmlCacheBehavior [ RunTime:0.000342s ]
INFO: [ app_begin ] --END-- [ RunTime:0.000373s ]
NOTIC: [8] Undefined index: status D:\xampp\htdocs\App\Question\Controller\IndexController.class.php 第 18 行.
SQL: SHOW COLUMNS FROM `think_question` [ RunTime:0.0119s ]
SQL: SELECT COUNT(*) AS tp_count FROM `think_question` WHERE ( 1 ) LIMIT 1   [ RunTime:0.0119s ]
SQL: select q.id,q.question_title,q.question_time,q.question_view,q.question_status as s,q.question_comment,q.question_uid as uid ,q.question_type as tid,u.user_name,u.user_image,t.type_name from think_question as q left join think_user as u on q.question_uid = u.id left join think_question_type as t on q.question_type = t.id where 1 order by q.question_time desc limit 0,15 [ RunTime:0.0113s ]
INFO: [ view_parse ] --START--
INFO: [ template_filter ] --START--
INFO: Run Behavior\ContentReplaceBehavior [ RunTime:0.000045s ]
INFO: [ template_filter ] --END-- [ RunTime:0.000080s ]
INFO: Run Behavior\ParseTemplateBehavior [ RunTime:0.007652s ]
INFO: [ view_parse ] --END-- [ RunTime:0.007698s ]
INFO: [ view_filter ] --START--
INFO: Run Behavior\WriteHtmlCacheBehavior [ RunTime:0.000237s ]
INFO: [ view_filter ] --END-- [ RunTime:0.000262s ]
INFO: [ app_end ] --START--
INFO: Run Behavior\ShowPageTraceBehavior [ RunTime:0.000418s ]
INFO: [ app_end ] --END-- [ RunTime:0.000446s ]

[ 2018-03-03T09:44:36+08:00 ] 127.0.0.1 /Question/Index?status=0
INFO: [ app_init ] --START--
INFO: Run Behavior\BuildLiteBehavior [ RunTime:0.000009s ]
INFO: [ app_init ] --END-- [ RunTime:0.000278s ]
INFO: [ app_begin ] --START--
INFO: Run Behavior\ReadHtmlCacheBehavior [ RunTime:0.000348s ]
INFO: [ app_begin ] --END-- [ RunTime:0.000393s ]
SQL: SHOW COLUMNS FROM `think_question` [ RunTime:0.0183s ]
SQL: SELECT COUNT(*) AS tp_count FROM `think_question` WHERE (  question_status = 0  ) LIMIT 1   [ RunTime:0.0175s ]
SQL: select q.id,q.question_title,q.question_time,q.question_view,q.question_status as s,q.question_comment,q.question_uid as uid ,q.question_type as tid,u.user_name,u.user_image,t.type_name from think_question as q left join think_user as u on q.question_uid = u.id left join think_question_type as t on q.question_type = t.id where  question_status = 0  order by q.question_time desc limit 0,15 [ RunTime:0.0177s ]
INFO: [ view_parse ] --START--
INFO: [ template_filter ] --START--
INFO: Run Behavior\ContentReplaceBehavior [ RunTime:0.000044s ]
INFO: [ template_filter ] --END-- [ RunTime:0.000077s ]
INFO: Run Behavior\ParseTemplateBehavior [ RunTime:0.005783s ]
INFO: [ view_parse ] --END-- [ RunTime:0.005819s ]
INFO: [ view_filter ] --START--
INFO: Run Behavior\WriteHtmlCacheBehavior [ RunTime:0.000165s ]
INFO: [ view_filter ] --END-- [ RunTime:0.000190s ]
INFO: [ app_end ] --START--
INFO: Run Behavior\ShowPageTraceBehavior [ RunTime:0.000400s ]
INFO: [ app_end ] --END-- [ RunTime:0.000471s ]

[ 2018-03-03T09:44:37+08:00 ] 127.0.0.1 /Question/Index?status=1
INFO: [ app_init ] --START--
INFO: Run Behavior\BuildLiteBehavior [ RunTime:0.000008s ]
INFO: [ app_init ] --END-- [ RunTime:0.000240s ]
INFO: [ app_begin ] --START--
INFO: Run Behavior\ReadHtmlCacheBehavior [ RunTime:0.000331s ]
INFO: [ app_begin ] --END-- [ RunTime:0.000363s ]
SQL: SHOW COLUMNS FROM `think_question` [ RunTime:0.0154s ]
SQL: SELECT COUNT(*) AS tp_count FROM `think_question` WHERE (  question_status = 1  ) LIMIT 1   [ RunTime:0.0154s ]
SQL: select q.id,q.question_title,q.question_time,q.question_view,q.question_status as s,q.question_comment,q.question_uid as uid ,q.question_type as tid,u.user_name,u.user_image,t.type_name from think_question as q left join think_user as u on q.question_uid = u.id left join think_question_type as t on q.question_type = t.id where  question_status = 1  order by q.question_time desc limit 0,15 [ RunTime:0.0153s ]
INFO: [ view_parse ] --START--
INFO: [ template_filter ] --START--
INFO: Run Behavior\ContentReplaceBehavior [ RunTime:0.000040s ]
INFO: [ template_filter ] --END-- [ RunTime:0.000070s ]
INFO: Run Behavior\ParseTemplateBehavior [ RunTime:0.005770s ]
INFO: [ view_parse ] --END-- [ RunTime:0.005802s ]
INFO: [ view_filter ] --START--
INFO: Run Behavior\WriteHtmlCacheBehavior [ RunTime:0.000156s ]
INFO: [ view_filter ] --END-- [ RunTime:0.000185s ]
INFO: [ app_end ] --START--
INFO: Run Behavior\ShowPageTraceBehavior [ RunTime:0.000289s ]
INFO: [ app_end ] --END-- [ RunTime:0.000313s ]

[ 2018-03-03T09:44:38+08:00 ] 127.0.0.1 /Question/Index?status=2
INFO: [ app_init ] --START--
INFO: Run Behavior\BuildLiteBehavior [ RunTime:0.000009s ]
INFO: [ app_init ] --END-- [ RunTime:0.000269s ]
INFO: [ app_begin ] --START--
INFO: Run Behavior\ReadHtmlCacheBehavior [ RunTime:0.000285s ]
INFO: [ app_begin ] --END-- [ RunTime:0.000315s ]
SQL: SHOW COLUMNS FROM `think_question` [ RunTime:0.0138s ]
SQL: SELECT COUNT(*) AS tp_count FROM `think_question` WHERE (  question_status = 2  ) LIMIT 1   [ RunTime:0.0137s ]
SQL: select q.id,q.question_title,q.question_time,q.question_view,q.question_status as s,q.question_comment,q.question_uid as uid ,q.question_type as tid,u.user_name,u.user_image,t.type_name from think_question as q left join think_user as u on q.question_uid = u.id left join think_question_type as t on q.question_type = t.id where  question_status = 2  order by q.question_time desc limit 0,15 [ RunTime:0.0142s ]
INFO: [ view_parse ] --START--
INFO: [ template_filter ] --START--
INFO: Run Behavior\ContentReplaceBehavior [ RunTime:0.000040s ]
INFO: [ template_filter ] --END-- [ RunTime:0.000070s ]
INFO: Run Behavior\ParseTemplateBehavior [ RunTime:0.006160s ]
INFO: [ view_parse ] --END-- [ RunTime:0.006206s ]
INFO: [ view_filter ] --START--
INFO: Run Behavior\WriteHtmlCacheBehavior [ RunTime:0.000230s ]
INFO: [ view_filter ] --END-- [ RunTime:0.000257s ]
INFO: [ app_end ] --START--
INFO: Run Behavior\ShowPageTraceBehavior [ RunTime:0.000391s ]
INFO: [ app_end ] --END-- [ RunTime:0.000437s ]

